9/10/2019 11:37:17 AM org.apache.catalina.core.StandardWrapperValve invoke
GRAVE: El Servlet.service() para el servlet [jsp] en el contexto con ruta [/WebComms] lanzó la excepción [Ha sucedido una excepción al procesar la página JSP /jsp/hidden.jsp en línea 200

197: 
198: CIMultipleChatMessageReadType chatMessages = new CIMultipleChatMessageReadType();
199: 
200: chatMessages = webCommsWsHidden.readChatMessage(new Long(contactID).longValue(), tm, false, sessionKey);
201: 
202: 
203: 


Stacktrace:] con causa raíz
AxisFault
 faultCode: {http://schemas.xmlsoap.org/soap/envelope/}Server
 faultSubcode: 
 faultString: Contact ID not recognised: possibly waiting on an agent to accept contact (errorcode: 2831; Cache: 8756).
 faultActor: http://192.168.35.10/ccmmwebservices/CIWebCommsWs.asmx
 faultNode: 
 faultDetail: 
	{http://webservices.ci.ccmm.applications.nortel.com}Error:<ErrorNumber>2831</ErrorNumber><ErrorMessage>Contact ID not recognised: possibly waiting on an agent to accept contact (errorcode: 2831; Cache: 8756).</ErrorMessage><ErrorSource>ReadChatMessage</ErrorSource>

Contact ID not recognised: possibly waiting on an agent to accept contact (errorcode: 2831; Cache: 8756).
	at org.apache.axis.message.SOAPFaultBuilder.createFault(SOAPFaultBuilder.java:222)
	at org.apache.axis.message.SOAPFaultBuilder.endElement(SOAPFaultBuilder.java:129)
	at org.apache.axis.encoding.DeserializationContext.endElement(DeserializationContext.java:1087)
	at com.sun.org.apache.xerces.internal.parsers.AbstractSAXParser.endElement(Unknown Source)
	at com.sun.org.apache.xerces.internal.impl.XMLDocumentFragmentScannerImpl.scanEndElement(Unknown Source)
	at com.sun.org.apache.xerces.internal.impl.XMLDocumentFragmentScannerImpl$FragmentContentDriver.next(Unknown Source)
	at com.sun.org.apache.xerces.internal.impl.XMLDocumentScannerImpl.next(Unknown Source)
	at com.sun.org.apache.xerces.internal.impl.XMLNSDocumentScannerImpl.next(Unknown Source)
	at com.sun.org.apache.xerces.internal.impl.XMLDocumentFragmentScannerImpl.scanDocument(Unknown Source)
	at com.sun.org.apache.xerces.internal.parsers.XML11Configuration.parse(Unknown Source)
	at com.sun.org.apache.xerces.internal.parsers.XML11Configuration.parse(Unknown Source)
	at com.sun.org.apache.xerces.internal.parsers.XMLParser.parse(Unknown Source)
	at com.sun.org.apache.xerces.internal.parsers.AbstractSAXParser.parse(Unknown Source)
	at com.sun.org.apache.xerces.internal.jaxp.SAXParserImpl$JAXPSAXParser.parse(Unknown Source)
	at javax.xml.parsers.SAXParser.parse(Unknown Source)
	at org.apache.axis.encoding.DeserializationContext.parse(DeserializationContext.java:227)
	at org.apache.axis.SOAPPart.getAsSOAPEnvelope(SOAPPart.java:696)
	at org.apache.axis.Message.getSOAPEnvelope(Message.java:435)
	at org.apache.axis.handlers.soap.MustUnderstandChecker.invoke(MustUnderstandChecker.java:62)
	at org.apache.axis.client.AxisClient.invoke(AxisClient.java:206)
	at org.apache.axis.client.Call.invokeEngine(Call.java:2784)
	at org.apache.axis.client.Call.invoke(Call.java:2767)
	at org.apache.axis.client.Call.invoke(Call.java:2443)
	at org.apache.axis.client.Call.invoke(Call.java:2366)
	at org.apache.axis.client.Call.invoke(Call.java:1812)
	at com.nortel.applications.ccmm.ci.webservices.CIWebCommsWsSoapStub.readChatMessage(CIWebCommsWsSoapStub.java:510)
	at org.apache.jsp.jsp.hidden_jsp._jspService(hidden_jsp.java:264)
	at org.apache.jasper.runtime.HttpJspBase.service(HttpJspBase.java:70)
	at javax.servlet.http.HttpServlet.service(HttpServlet.java:727)
	at org.apache.jasper.servlet.JspServletWrapper.service(JspServletWrapper.java:432)
	at org.apache.jasper.servlet.JspServlet.serviceJspFile(JspServlet.java:390)
	at org.apache.jasper.servlet.JspServlet.service(JspServlet.java:334)
	at javax.servlet.http.HttpServlet.service(HttpServlet.java:727)
	at org.apache.catalina.core.ApplicationFilterChain.internalDoFilter(ApplicationFilterChain.java:303)
	at org.apache.catalina.core.ApplicationFilterChain.doFilter(ApplicationFilterChain.java:208)
	at org.apache.catalina.core.StandardWrapperValve.invoke(StandardWrapperValve.java:220)
	at org.apache.catalina.core.StandardContextValve.invoke(StandardContextValve.java:122)
	at org.apache.catalina.authenticator.AuthenticatorBase.invoke(AuthenticatorBase.java:501)
	at org.apache.catalina.core.StandardHostValve.invoke(StandardHostValve.java:171)
	at org.apache.catalina.valves.ErrorReportValve.invoke(ErrorReportValve.java:102)
	at org.apache.catalina.valves.AccessLogValve.invoke(AccessLogValve.java:950)
	at org.apache.catalina.core.StandardEngineValve.invoke(StandardEngineValve.java:116)
	at org.apache.catalina.connector.CoyoteAdapter.service(CoyoteAdapter.java:408)
	at org.apache.coyote.http11.AbstractHttp11Processor.process(AbstractHttp11Processor.java:1040)
	at org.apache.coyote.AbstractProtocol$AbstractConnectionHandler.process(AbstractProtocol.java:607)
	at org.apache.tomcat.util.net.JIoEndpoint$SocketProcessor.run(JIoEndpoint.java:316)
	at java.util.concurrent.ThreadPoolExecutor$Worker.runTask(Unknown Source)
	at java.util.concurrent.ThreadPoolExecutor$Worker.run(Unknown Source)
	at org.apache.tomcat.util.threads.TaskThread$WrappingRunnable.run(TaskThread.java:61)
	at java.lang.Thread.run(Unknown Source)
9/10/2019 12:03:24 PM org.apache.catalina.core.StandardWrapperValve invoke
GRAVE: El Servlet.service() para el servlet [jsp] en el contexto con ruta [/WebComms] lanzó la excepción [Ha sucedido una excepción al procesar la página JSP /jsp/hidden64.jsp en línea 205

202:     CIWebCommsWsSoap webCommsWsHidden = webCommsWsLocatorHidden.getCIWebCommsWsSoap( ciWebCommsWsUrlHidden );
203: 
204:     CIMultipleChatMessageReadType chatMessages = new CIMultipleChatMessageReadType();
205:     chatMessages = webCommsWsHidden.readChatMessage(new Long(contactID).longValue(), tm, false, sessionKey);
206: 
207:     if(chatMessages.isIsWriting())
208:     {


Stacktrace:] con causa raíz
java.lang.NumberFormatException: For input string: "null"
	at java.lang.NumberFormatException.forInputString(Unknown Source)
	at java.lang.Long.parseLong(Unknown Source)
	at java.lang.Long.<init>(Unknown Source)
	at org.apache.jsp.jsp.hidden64_jsp._jspService(hidden64_jsp.java:269)
	at org.apache.jasper.runtime.HttpJspBase.service(HttpJspBase.java:70)
	at javax.servlet.http.HttpServlet.service(HttpServlet.java:727)
	at org.apache.jasper.servlet.JspServletWrapper.service(JspServletWrapper.java:432)
	at org.apache.jasper.servlet.JspServlet.serviceJspFile(JspServlet.java:390)
	at org.apache.jasper.servlet.JspServlet.service(JspServlet.java:334)
	at javax.servlet.http.HttpServlet.service(HttpServlet.java:727)
	at org.apache.catalina.core.ApplicationFilterChain.internalDoFilter(ApplicationFilterChain.java:303)
	at org.apache.catalina.core.ApplicationFilterChain.doFilter(ApplicationFilterChain.java:208)
	at org.apache.catalina.core.StandardWrapperValve.invoke(StandardWrapperValve.java:220)
	at org.apache.catalina.core.StandardContextValve.invoke(StandardContextValve.java:122)
	at org.apache.catalina.authenticator.AuthenticatorBase.invoke(AuthenticatorBase.java:501)
	at org.apache.catalina.core.StandardHostValve.invoke(StandardHostValve.java:171)
	at org.apache.catalina.valves.ErrorReportValve.invoke(ErrorReportValve.java:102)
	at org.apache.catalina.valves.AccessLogValve.invoke(AccessLogValve.java:950)
	at org.apache.catalina.core.StandardEngineValve.invoke(StandardEngineValve.java:116)
	at org.apache.catalina.connector.CoyoteAdapter.service(CoyoteAdapter.java:408)
	at org.apache.coyote.http11.AbstractHttp11Processor.process(AbstractHttp11Processor.java:1040)
	at org.apache.coyote.AbstractProtocol$AbstractConnectionHandler.process(AbstractProtocol.java:607)
	at org.apache.tomcat.util.net.JIoEndpoint$SocketProcessor.run(JIoEndpoint.java:316)
	at java.util.concurrent.ThreadPoolExecutor$Worker.runTask(Unknown Source)
	at java.util.concurrent.ThreadPoolExecutor$Worker.run(Unknown Source)
	at org.apache.tomcat.util.threads.TaskThread$WrappingRunnable.run(TaskThread.java:61)
	at java.lang.Thread.run(Unknown Source)
9/10/2019 01:32:09 PM org.apache.catalina.core.StandardWrapperValve invoke
GRAVE: El Servlet.service() para el servlet [jsp] en el contexto con ruta [/CI_Sample_Website] lanzó la excepción [Ha sucedido una excepción al procesar la página JSP /loginCustomer_WSClient.jsp en línea 56

53: // Call the CustomerLogin Web Method
54: try
55: {
56:     sessionKey = utilityWs.customerLogin(username, password);
57: }
58: catch(AxisFault soapEx) // catch an Axis Fault to check if the Customer is already logged in
59: {


Stacktrace:] con causa raíz
AxisFault
 faultCode: {http://schemas.xmlsoap.org/soap/envelope/}Client
 faultSubcode: 
 faultString: Invalid Customer Login Details for : amartinez@evox.com.mx
 faultActor: http://192.168.35.10/ccmmwebservices/CIUtilityWs.asmx
 faultNode: 
 faultDetail: 
	{http://webservices.ci.ccmm.applications.nortel.com}Error:<ErrorNumber>2800</ErrorNumber><ErrorMessage>Invalid Customer Login Details for : amartinez@evox.com.mx</ErrorMessage><ErrorSource>CustomerLogin</ErrorSource>

Invalid Customer Login Details for : amartinez@evox.com.mx
	at org.apache.axis.message.SOAPFaultBuilder.createFault(SOAPFaultBuilder.java:222)
	at org.apache.axis.message.SOAPFaultBuilder.endElement(SOAPFaultBuilder.java:129)
	at org.apache.axis.encoding.DeserializationContext.endElement(DeserializationContext.java:1087)
	at com.sun.org.apache.xerces.internal.parsers.AbstractSAXParser.endElement(Unknown Source)
	at com.sun.org.apache.xerces.internal.impl.XMLDocumentFragmentScannerImpl.scanEndElement(Unknown Source)
	at com.sun.org.apache.xerces.internal.impl.XMLDocumentFragmentScannerImpl$FragmentContentDriver.next(Unknown Source)
	at com.sun.org.apache.xerces.internal.impl.XMLDocumentScannerImpl.next(Unknown Source)
	at com.sun.org.apache.xerces.internal.impl.XMLNSDocumentScannerImpl.next(Unknown Source)
	at com.sun.org.apache.xerces.internal.impl.XMLDocumentFragmentScannerImpl.scanDocument(Unknown Source)
	at com.sun.org.apache.xerces.internal.parsers.XML11Configuration.parse(Unknown Source)
	at com.sun.org.apache.xerces.internal.parsers.XML11Configuration.parse(Unknown Source)
	at com.sun.org.apache.xerces.internal.parsers.XMLParser.parse(Unknown Source)
	at com.sun.org.apache.xerces.internal.parsers.AbstractSAXParser.parse(Unknown Source)
	at com.sun.org.apache.xerces.internal.jaxp.SAXParserImpl$JAXPSAXParser.parse(Unknown Source)
	at javax.xml.parsers.SAXParser.parse(Unknown Source)
	at org.apache.axis.encoding.DeserializationContext.parse(DeserializationContext.java:227)
	at org.apache.axis.SOAPPart.getAsSOAPEnvelope(SOAPPart.java:696)
	at org.apache.axis.Message.getSOAPEnvelope(Message.java:435)
	at org.apache.axis.handlers.soap.MustUnderstandChecker.invoke(MustUnderstandChecker.java:62)
	at org.apache.axis.client.AxisClient.invoke(AxisClient.java:206)
	at org.apache.axis.client.Call.invokeEngine(Call.java:2784)
	at org.apache.axis.client.Call.invoke(Call.java:2767)
	at org.apache.axis.client.Call.invoke(Call.java:2443)
	at org.apache.axis.client.Call.invoke(Call.java:2366)
	at org.apache.axis.client.Call.invoke(Call.java:1812)
	at com.nortel.applications.ccmm.ci.webservices.CIUtilityWsSoapStub.customerLogin(CIUtilityWsSoapStub.java:487)
	at org.apache.jsp.loginCustomer_005fWSClient_jsp._jspService(loginCustomer_005fWSClient_jsp.java:131)
	at org.apache.jasper.runtime.HttpJspBase.service(HttpJspBase.java:70)
	at javax.servlet.http.HttpServlet.service(HttpServlet.java:727)
	at org.apache.jasper.servlet.JspServletWrapper.service(JspServletWrapper.java:432)
	at org.apache.jasper.servlet.JspServlet.serviceJspFile(JspServlet.java:390)
	at org.apache.jasper.servlet.JspServlet.service(JspServlet.java:334)
	at javax.servlet.http.HttpServlet.service(HttpServlet.java:727)
	at org.apache.catalina.core.ApplicationFilterChain.internalDoFilter(ApplicationFilterChain.java:303)
	at org.apache.catalina.core.ApplicationFilterChain.doFilter(ApplicationFilterChain.java:208)
	at org.apache.catalina.core.StandardWrapperValve.invoke(StandardWrapperValve.java:220)
	at org.apache.catalina.core.StandardContextValve.invoke(StandardContextValve.java:122)
	at org.apache.catalina.authenticator.AuthenticatorBase.invoke(AuthenticatorBase.java:501)
	at org.apache.catalina.core.StandardHostValve.invoke(StandardHostValve.java:171)
	at org.apache.catalina.valves.ErrorReportValve.invoke(ErrorReportValve.java:102)
	at org.apache.catalina.valves.AccessLogValve.invoke(AccessLogValve.java:950)
	at org.apache.catalina.core.StandardEngineValve.invoke(StandardEngineValve.java:116)
	at org.apache.catalina.connector.CoyoteAdapter.service(CoyoteAdapter.java:408)
	at org.apache.coyote.http11.AbstractHttp11Processor.process(AbstractHttp11Processor.java:1040)
	at org.apache.coyote.AbstractProtocol$AbstractConnectionHandler.process(AbstractProtocol.java:607)
	at org.apache.tomcat.util.net.JIoEndpoint$SocketProcessor.run(JIoEndpoint.java:314)
	at java.util.concurrent.ThreadPoolExecutor$Worker.runTask(Unknown Source)
	at java.util.concurrent.ThreadPoolExecutor$Worker.run(Unknown Source)
	at org.apache.tomcat.util.threads.TaskThread$WrappingRunnable.run(TaskThread.java:61)
	at java.lang.Thread.run(Unknown Source)
9/10/2019 01:39:39 PM org.apache.catalina.core.StandardWrapperValve invoke
GRAVE: El Servlet.service() para el servlet [jsp] en el contexto con ruta [/WebComms] lanzó la excepción [Contact ID not recognised: possibly waiting on an agent to accept contact (errorcode: 2831; Cache: 8756).] con causa raíz
AxisFault
 faultCode: {http://schemas.xmlsoap.org/soap/envelope/}Server
 faultSubcode: 
 faultString: Contact ID not recognised: possibly waiting on an agent to accept contact (errorcode: 2831; Cache: 8756).
 faultActor: http://192.168.35.10/ccmmwebservices/CIWebCommsWs.asmx
 faultNode: 
 faultDetail: 
	{http://webservices.ci.ccmm.applications.nortel.com}Error:<ErrorNumber>2831</ErrorNumber><ErrorMessage>Contact ID not recognised: possibly waiting on an agent to accept contact (errorcode: 2831; Cache: 8756).</ErrorMessage><ErrorSource>ReadChatMessage</ErrorSource>

Contact ID not recognised: possibly waiting on an agent to accept contact (errorcode: 2831; Cache: 8756).
	at org.apache.axis.message.SOAPFaultBuilder.createFault(SOAPFaultBuilder.java:222)
	at org.apache.axis.message.SOAPFaultBuilder.endElement(SOAPFaultBuilder.java:129)
	at org.apache.axis.encoding.DeserializationContext.endElement(DeserializationContext.java:1087)
	at com.sun.org.apache.xerces.internal.parsers.AbstractSAXParser.endElement(Unknown Source)
	at com.sun.org.apache.xerces.internal.impl.XMLDocumentFragmentScannerImpl.scanEndElement(Unknown Source)
	at com.sun.org.apache.xerces.internal.impl.XMLDocumentFragmentScannerImpl$FragmentContentDriver.next(Unknown Source)
	at com.sun.org.apache.xerces.internal.impl.XMLDocumentScannerImpl.next(Unknown Source)
	at com.sun.org.apache.xerces.internal.impl.XMLNSDocumentScannerImpl.next(Unknown Source)
	at com.sun.org.apache.xerces.internal.impl.XMLDocumentFragmentScannerImpl.scanDocument(Unknown Source)
	at com.sun.org.apache.xerces.internal.parsers.XML11Configuration.parse(Unknown Source)
	at com.sun.org.apache.xerces.internal.parsers.XML11Configuration.parse(Unknown Source)
	at com.sun.org.apache.xerces.internal.parsers.XMLParser.parse(Unknown Source)
	at com.sun.org.apache.xerces.internal.parsers.AbstractSAXParser.parse(Unknown Source)
	at com.sun.org.apache.xerces.internal.jaxp.SAXParserImpl$JAXPSAXParser.parse(Unknown Source)
	at javax.xml.parsers.SAXParser.parse(Unknown Source)
	at org.apache.axis.encoding.DeserializationContext.parse(DeserializationContext.java:227)
	at org.apache.axis.SOAPPart.getAsSOAPEnvelope(SOAPPart.java:696)
	at org.apache.axis.Message.getSOAPEnvelope(Message.java:435)
	at org.apache.axis.handlers.soap.MustUnderstandChecker.invoke(MustUnderstandChecker.java:62)
	at org.apache.axis.client.AxisClient.invoke(AxisClient.java:206)
	at org.apache.axis.client.Call.invokeEngine(Call.java:2784)
	at org.apache.axis.client.Call.invoke(Call.java:2767)
	at org.apache.axis.client.Call.invoke(Call.java:2443)
	at org.apache.axis.client.Call.invoke(Call.java:2366)
	at org.apache.axis.client.Call.invoke(Call.java:1812)
	at com.nortel.applications.ccmm.ci.webservices.CIWebCommsWsSoapStub.readChatMessage(CIWebCommsWsSoapStub.java:510)
	at org.apache.jsp.jsp.hidden_jsp._jspService(hidden_jsp.java:264)
	at org.apache.jasper.runtime.HttpJspBase.service(HttpJspBase.java:70)
	at javax.servlet.http.HttpServlet.service(HttpServlet.java:727)
	at org.apache.jasper.servlet.JspServletWrapper.service(JspServletWrapper.java:432)
	at org.apache.jasper.servlet.JspServlet.serviceJspFile(JspServlet.java:390)
	at org.apache.jasper.servlet.JspServlet.service(JspServlet.java:334)
	at javax.servlet.http.HttpServlet.service(HttpServlet.java:727)
	at org.apache.catalina.core.ApplicationFilterChain.internalDoFilter(ApplicationFilterChain.java:303)
	at org.apache.catalina.core.ApplicationFilterChain.doFilter(ApplicationFilterChain.java:208)
	at org.apache.catalina.core.StandardWrapperValve.invoke(StandardWrapperValve.java:220)
	at org.apache.catalina.core.StandardContextValve.invoke(StandardContextValve.java:122)
	at org.apache.catalina.authenticator.AuthenticatorBase.invoke(AuthenticatorBase.java:501)
	at org.apache.catalina.core.StandardHostValve.invoke(StandardHostValve.java:171)
	at org.apache.catalina.valves.ErrorReportValve.invoke(ErrorReportValve.java:102)
	at org.apache.catalina.valves.AccessLogValve.invoke(AccessLogValve.java:950)
	at org.apache.catalina.core.StandardEngineValve.invoke(StandardEngineValve.java:116)
	at org.apache.catalina.connector.CoyoteAdapter.service(CoyoteAdapter.java:408)
	at org.apache.coyote.http11.AbstractHttp11Processor.process(AbstractHttp11Processor.java:1040)
	at org.apache.coyote.AbstractProtocol$AbstractConnectionHandler.process(AbstractProtocol.java:607)
	at org.apache.tomcat.util.net.JIoEndpoint$SocketProcessor.run(JIoEndpoint.java:316)
	at java.util.concurrent.ThreadPoolExecutor$Worker.runTask(Unknown Source)
	at java.util.concurrent.ThreadPoolExecutor$Worker.run(Unknown Source)
	at org.apache.tomcat.util.threads.TaskThread$WrappingRunnable.run(TaskThread.java:61)
	at java.lang.Thread.run(Unknown Source)
9/10/2019 04:29:13 PM org.apache.catalina.core.StandardWrapperValve invoke
GRAVE: El Servlet.service() para el servlet [jsp] en el contexto con ruta [/WebComms] lanzó la excepción [Contact ID not recognised: possibly waiting on an agent to accept contact (errorcode: 2831; Cache: 8756).] con causa raíz
AxisFault
 faultCode: {http://schemas.xmlsoap.org/soap/envelope/}Server
 faultSubcode: 
 faultString: Contact ID not recognised: possibly waiting on an agent to accept contact (errorcode: 2831; Cache: 8756).
 faultActor: http://192.168.35.10/ccmmwebservices/CIWebCommsWs.asmx
 faultNode: 
 faultDetail: 
	{http://webservices.ci.ccmm.applications.nortel.com}Error:<ErrorNumber>2831</ErrorNumber><ErrorMessage>Contact ID not recognised: possibly waiting on an agent to accept contact (errorcode: 2831; Cache: 8756).</ErrorMessage><ErrorSource>ReadChatMessage</ErrorSource>

Contact ID not recognised: possibly waiting on an agent to accept contact (errorcode: 2831; Cache: 8756).
	at org.apache.axis.message.SOAPFaultBuilder.createFault(SOAPFaultBuilder.java:222)
	at org.apache.axis.message.SOAPFaultBuilder.endElement(SOAPFaultBuilder.java:129)
	at org.apache.axis.encoding.DeserializationContext.endElement(DeserializationContext.java:1087)
	at com.sun.org.apache.xerces.internal.parsers.AbstractSAXParser.endElement(Unknown Source)
	at com.sun.org.apache.xerces.internal.impl.XMLDocumentFragmentScannerImpl.scanEndElement(Unknown Source)
	at com.sun.org.apache.xerces.internal.impl.XMLDocumentFragmentScannerImpl$FragmentContentDriver.next(Unknown Source)
	at com.sun.org.apache.xerces.internal.impl.XMLDocumentScannerImpl.next(Unknown Source)
	at com.sun.org.apache.xerces.internal.impl.XMLNSDocumentScannerImpl.next(Unknown Source)
	at com.sun.org.apache.xerces.internal.impl.XMLDocumentFragmentScannerImpl.scanDocument(Unknown Source)
	at com.sun.org.apache.xerces.internal.parsers.XML11Configuration.parse(Unknown Source)
	at com.sun.org.apache.xerces.internal.parsers.XML11Configuration.parse(Unknown Source)
	at com.sun.org.apache.xerces.internal.parsers.XMLParser.parse(Unknown Source)
	at com.sun.org.apache.xerces.internal.parsers.AbstractSAXParser.parse(Unknown Source)
	at com.sun.org.apache.xerces.internal.jaxp.SAXParserImpl$JAXPSAXParser.parse(Unknown Source)
	at javax.xml.parsers.SAXParser.parse(Unknown Source)
	at org.apache.axis.encoding.DeserializationContext.parse(DeserializationContext.java:227)
	at org.apache.axis.SOAPPart.getAsSOAPEnvelope(SOAPPart.java:696)
	at org.apache.axis.Message.getSOAPEnvelope(Message.java:435)
	at org.apache.axis.handlers.soap.MustUnderstandChecker.invoke(MustUnderstandChecker.java:62)
	at org.apache.axis.client.AxisClient.invoke(AxisClient.java:206)
	at org.apache.axis.client.Call.invokeEngine(Call.java:2784)
	at org.apache.axis.client.Call.invoke(Call.java:2767)
	at org.apache.axis.client.Call.invoke(Call.java:2443)
	at org.apache.axis.client.Call.invoke(Call.java:2366)
	at org.apache.axis.client.Call.invoke(Call.java:1812)
	at com.nortel.applications.ccmm.ci.webservices.CIWebCommsWsSoapStub.readChatMessage(CIWebCommsWsSoapStub.java:510)
	at org.apache.jsp.jsp.hidden_jsp._jspService(hidden_jsp.java:264)
	at org.apache.jasper.runtime.HttpJspBase.service(HttpJspBase.java:70)
	at javax.servlet.http.HttpServlet.service(HttpServlet.java:727)
	at org.apache.jasper.servlet.JspServletWrapper.service(JspServletWrapper.java:432)
	at org.apache.jasper.servlet.JspServlet.serviceJspFile(JspServlet.java:390)
	at org.apache.jasper.servlet.JspServlet.service(JspServlet.java:334)
	at javax.servlet.http.HttpServlet.service(HttpServlet.java:727)
	at org.apache.catalina.core.ApplicationFilterChain.internalDoFilter(ApplicationFilterChain.java:303)
	at org.apache.catalina.core.ApplicationFilterChain.doFilter(ApplicationFilterChain.java:208)
	at org.apache.catalina.core.StandardWrapperValve.invoke(StandardWrapperValve.java:220)
	at org.apache.catalina.core.StandardContextValve.invoke(StandardContextValve.java:122)
	at org.apache.catalina.authenticator.AuthenticatorBase.invoke(AuthenticatorBase.java:501)
	at org.apache.catalina.core.StandardHostValve.invoke(StandardHostValve.java:171)
	at org.apache.catalina.valves.ErrorReportValve.invoke(ErrorReportValve.java:102)
	at org.apache.catalina.valves.AccessLogValve.invoke(AccessLogValve.java:950)
	at org.apache.catalina.core.StandardEngineValve.invoke(StandardEngineValve.java:116)
	at org.apache.catalina.connector.CoyoteAdapter.service(CoyoteAdapter.java:408)
	at org.apache.coyote.http11.AbstractHttp11Processor.process(AbstractHttp11Processor.java:1040)
	at org.apache.coyote.AbstractProtocol$AbstractConnectionHandler.process(AbstractProtocol.java:607)
	at org.apache.tomcat.util.net.JIoEndpoint$SocketProcessor.run(JIoEndpoint.java:316)
	at java.util.concurrent.ThreadPoolExecutor$Worker.runTask(Unknown Source)
	at java.util.concurrent.ThreadPoolExecutor$Worker.run(Unknown Source)
	at org.apache.tomcat.util.threads.TaskThread$WrappingRunnable.run(TaskThread.java:61)
	at java.lang.Thread.run(Unknown Source)
9/10/2019 04:38:19 PM org.apache.catalina.core.StandardWrapperValve invoke
GRAVE: El Servlet.service() para el servlet [jsp] en el contexto con ruta [/CI_Sample_Website] lanzó la excepción [Ha sucedido una excepción al procesar la página JSP /loginCustomer_WSClient.jsp en línea 56

53: // Call the CustomerLogin Web Method
54: try
55: {
56:     sessionKey = utilityWs.customerLogin(username, password);
57: }
58: catch(AxisFault soapEx) // catch an Axis Fault to check if the Customer is already logged in
59: {


Stacktrace:] con causa raíz
AxisFault
 faultCode: {http://schemas.xmlsoap.org/soap/envelope/}Client
 faultSubcode: 
 faultString: Invalid Customer Login Details for : amartinez1@evox.com.mx
 faultActor: http://192.168.35.10/ccmmwebservices/CIUtilityWs.asmx
 faultNode: 
 faultDetail: 
	{http://webservices.ci.ccmm.applications.nortel.com}Error:<ErrorNumber>2800</ErrorNumber><ErrorMessage>Invalid Customer Login Details for : amartinez1@evox.com.mx</ErrorMessage><ErrorSource>CustomerLogin</ErrorSource>

Invalid Customer Login Details for : amartinez1@evox.com.mx
	at org.apache.axis.message.SOAPFaultBuilder.createFault(SOAPFaultBuilder.java:222)
	at org.apache.axis.message.SOAPFaultBuilder.endElement(SOAPFaultBuilder.java:129)
	at org.apache.axis.encoding.DeserializationContext.endElement(DeserializationContext.java:1087)
	at com.sun.org.apache.xerces.internal.parsers.AbstractSAXParser.endElement(Unknown Source)
	at com.sun.org.apache.xerces.internal.impl.XMLDocumentFragmentScannerImpl.scanEndElement(Unknown Source)
	at com.sun.org.apache.xerces.internal.impl.XMLDocumentFragmentScannerImpl$FragmentContentDriver.next(Unknown Source)
	at com.sun.org.apache.xerces.internal.impl.XMLDocumentScannerImpl.next(Unknown Source)
	at com.sun.org.apache.xerces.internal.impl.XMLNSDocumentScannerImpl.next(Unknown Source)
	at com.sun.org.apache.xerces.internal.impl.XMLDocumentFragmentScannerImpl.scanDocument(Unknown Source)
	at com.sun.org.apache.xerces.internal.parsers.XML11Configuration.parse(Unknown Source)
	at com.sun.org.apache.xerces.internal.parsers.XML11Configuration.parse(Unknown Source)
	at com.sun.org.apache.xerces.internal.parsers.XMLParser.parse(Unknown Source)
	at com.sun.org.apache.xerces.internal.parsers.AbstractSAXParser.parse(Unknown Source)
	at com.sun.org.apache.xerces.internal.jaxp.SAXParserImpl$JAXPSAXParser.parse(Unknown Source)
	at javax.xml.parsers.SAXParser.parse(Unknown Source)
	at org.apache.axis.encoding.DeserializationContext.parse(DeserializationContext.java:227)
	at org.apache.axis.SOAPPart.getAsSOAPEnvelope(SOAPPart.java:696)
	at org.apache.axis.Message.getSOAPEnvelope(Message.java:435)
	at org.apache.axis.handlers.soap.MustUnderstandChecker.invoke(MustUnderstandChecker.java:62)
	at org.apache.axis.client.AxisClient.invoke(AxisClient.java:206)
	at org.apache.axis.client.Call.invokeEngine(Call.java:2784)
	at org.apache.axis.client.Call.invoke(Call.java:2767)
	at org.apache.axis.client.Call.invoke(Call.java:2443)
	at org.apache.axis.client.Call.invoke(Call.java:2366)
	at org.apache.axis.client.Call.invoke(Call.java:1812)
	at com.nortel.applications.ccmm.ci.webservices.CIUtilityWsSoapStub.customerLogin(CIUtilityWsSoapStub.java:487)
	at org.apache.jsp.loginCustomer_005fWSClient_jsp._jspService(loginCustomer_005fWSClient_jsp.java:131)
	at org.apache.jasper.runtime.HttpJspBase.service(HttpJspBase.java:70)
	at javax.servlet.http.HttpServlet.service(HttpServlet.java:727)
	at org.apache.jasper.servlet.JspServletWrapper.service(JspServletWrapper.java:432)
	at org.apache.jasper.servlet.JspServlet.serviceJspFile(JspServlet.java:390)
	at org.apache.jasper.servlet.JspServlet.service(JspServlet.java:334)
	at javax.servlet.http.HttpServlet.service(HttpServlet.java:727)
	at org.apache.catalina.core.ApplicationFilterChain.internalDoFilter(ApplicationFilterChain.java:303)
	at org.apache.catalina.core.ApplicationFilterChain.doFilter(ApplicationFilterChain.java:208)
	at org.apache.catalina.core.StandardWrapperValve.invoke(StandardWrapperValve.java:220)
	at org.apache.catalina.core.StandardContextValve.invoke(StandardContextValve.java:122)
	at org.apache.catalina.authenticator.AuthenticatorBase.invoke(AuthenticatorBase.java:501)
	at org.apache.catalina.core.StandardHostValve.invoke(StandardHostValve.java:171)
	at org.apache.catalina.valves.ErrorReportValve.invoke(ErrorReportValve.java:102)
	at org.apache.catalina.valves.AccessLogValve.invoke(AccessLogValve.java:950)
	at org.apache.catalina.core.StandardEngineValve.invoke(StandardEngineValve.java:116)
	at org.apache.catalina.connector.CoyoteAdapter.service(CoyoteAdapter.java:408)
	at org.apache.coyote.http11.AbstractHttp11Processor.process(AbstractHttp11Processor.java:1040)
	at org.apache.coyote.AbstractProtocol$AbstractConnectionHandler.process(AbstractProtocol.java:607)
	at org.apache.tomcat.util.net.JIoEndpoint$SocketProcessor.run(JIoEndpoint.java:314)
	at java.util.concurrent.ThreadPoolExecutor$Worker.runTask(Unknown Source)
	at java.util.concurrent.ThreadPoolExecutor$Worker.run(Unknown Source)
	at org.apache.tomcat.util.threads.TaskThread$WrappingRunnable.run(TaskThread.java:61)
	at java.lang.Thread.run(Unknown Source)
9/10/2019 04:42:49 PM org.apache.catalina.core.StandardWrapperValve invoke
GRAVE: El Servlet.service() para el servlet [jsp] en el contexto con ruta [/CI_Sample_Website] lanzó la excepción [Ha sucedido una excepción al procesar la página JSP /loginCustomer_WSClient.jsp en línea 56

53: // Call the CustomerLogin Web Method
54: try
55: {
56:     sessionKey = utilityWs.customerLogin(username, password);
57: }
58: catch(AxisFault soapEx) // catch an Axis Fault to check if the Customer is already logged in
59: {


Stacktrace:] con causa raíz
AxisFault
 faultCode: {http://schemas.xmlsoap.org/soap/envelope/}Client
 faultSubcode: 
 faultString: Invalid Customer Login Details for : amartinez1@evox.com.mx
 faultActor: http://192.168.35.10/ccmmwebservices/CIUtilityWs.asmx
 faultNode: 
 faultDetail: 
	{http://webservices.ci.ccmm.applications.nortel.com}Error:<ErrorNumber>2800</ErrorNumber><ErrorMessage>Invalid Customer Login Details for : amartinez1@evox.com.mx</ErrorMessage><ErrorSource>CustomerLogin</ErrorSource>

Invalid Customer Login Details for : amartinez1@evox.com.mx
	at org.apache.axis.message.SOAPFaultBuilder.createFault(SOAPFaultBuilder.java:222)
	at org.apache.axis.message.SOAPFaultBuilder.endElement(SOAPFaultBuilder.java:129)
	at org.apache.axis.encoding.DeserializationContext.endElement(DeserializationContext.java:1087)
	at com.sun.org.apache.xerces.internal.parsers.AbstractSAXParser.endElement(Unknown Source)
	at com.sun.org.apache.xerces.internal.impl.XMLDocumentFragmentScannerImpl.scanEndElement(Unknown Source)
	at com.sun.org.apache.xerces.internal.impl.XMLDocumentFragmentScannerImpl$FragmentContentDriver.next(Unknown Source)
	at com.sun.org.apache.xerces.internal.impl.XMLDocumentScannerImpl.next(Unknown Source)
	at com.sun.org.apache.xerces.internal.impl.XMLNSDocumentScannerImpl.next(Unknown Source)
	at com.sun.org.apache.xerces.internal.impl.XMLDocumentFragmentScannerImpl.scanDocument(Unknown Source)
	at com.sun.org.apache.xerces.internal.parsers.XML11Configuration.parse(Unknown Source)
	at com.sun.org.apache.xerces.internal.parsers.XML11Configuration.parse(Unknown Source)
	at com.sun.org.apache.xerces.internal.parsers.XMLParser.parse(Unknown Source)
	at com.sun.org.apache.xerces.internal.parsers.AbstractSAXParser.parse(Unknown Source)
	at com.sun.org.apache.xerces.internal.jaxp.SAXParserImpl$JAXPSAXParser.parse(Unknown Source)
	at javax.xml.parsers.SAXParser.parse(Unknown Source)
	at org.apache.axis.encoding.DeserializationContext.parse(DeserializationContext.java:227)
	at org.apache.axis.SOAPPart.getAsSOAPEnvelope(SOAPPart.java:696)
	at org.apache.axis.Message.getSOAPEnvelope(Message.java:435)
	at org.apache.axis.handlers.soap.MustUnderstandChecker.invoke(MustUnderstandChecker.java:62)
	at org.apache.axis.client.AxisClient.invoke(AxisClient.java:206)
	at org.apache.axis.client.Call.invokeEngine(Call.java:2784)
	at org.apache.axis.client.Call.invoke(Call.java:2767)
	at org.apache.axis.client.Call.invoke(Call.java:2443)
	at org.apache.axis.client.Call.invoke(Call.java:2366)
	at org.apache.axis.client.Call.invoke(Call.java:1812)
	at com.nortel.applications.ccmm.ci.webservices.CIUtilityWsSoapStub.customerLogin(CIUtilityWsSoapStub.java:487)
	at org.apache.jsp.loginCustomer_005fWSClient_jsp._jspService(loginCustomer_005fWSClient_jsp.java:131)
	at org.apache.jasper.runtime.HttpJspBase.service(HttpJspBase.java:70)
	at javax.servlet.http.HttpServlet.service(HttpServlet.java:727)
	at org.apache.jasper.servlet.JspServletWrapper.service(JspServletWrapper.java:432)
	at org.apache.jasper.servlet.JspServlet.serviceJspFile(JspServlet.java:390)
	at org.apache.jasper.servlet.JspServlet.service(JspServlet.java:334)
	at javax.servlet.http.HttpServlet.service(HttpServlet.java:727)
	at org.apache.catalina.core.ApplicationFilterChain.internalDoFilter(ApplicationFilterChain.java:303)
	at org.apache.catalina.core.ApplicationFilterChain.doFilter(ApplicationFilterChain.java:208)
	at org.apache.catalina.core.StandardWrapperValve.invoke(StandardWrapperValve.java:220)
	at org.apache.catalina.core.StandardContextValve.invoke(StandardContextValve.java:122)
	at org.apache.catalina.authenticator.AuthenticatorBase.invoke(AuthenticatorBase.java:501)
	at org.apache.catalina.core.StandardHostValve.invoke(StandardHostValve.java:171)
	at org.apache.catalina.valves.ErrorReportValve.invoke(ErrorReportValve.java:102)
	at org.apache.catalina.valves.AccessLogValve.invoke(AccessLogValve.java:950)
	at org.apache.catalina.core.StandardEngineValve.invoke(StandardEngineValve.java:116)
	at org.apache.catalina.connector.CoyoteAdapter.service(CoyoteAdapter.java:408)
	at org.apache.coyote.http11.AbstractHttp11Processor.process(AbstractHttp11Processor.java:1040)
	at org.apache.coyote.AbstractProtocol$AbstractConnectionHandler.process(AbstractProtocol.java:607)
	at org.apache.tomcat.util.net.JIoEndpoint$SocketProcessor.run(JIoEndpoint.java:314)
	at java.util.concurrent.ThreadPoolExecutor$Worker.runTask(Unknown Source)
	at java.util.concurrent.ThreadPoolExecutor$Worker.run(Unknown Source)
	at org.apache.tomcat.util.threads.TaskThread$WrappingRunnable.run(TaskThread.java:61)
	at java.lang.Thread.run(Unknown Source)
