
2019-10-09 11:31:35 Commons Daemon procrun stderr initialized
9/10/2019 11:31:36 AM org.apache.catalina.core.AprLifecycleListener init
INFO: La biblioteca nativa de Apache Tomcat basada en ARP que permite un rendimiento óptimo en entornos de desarrollo no ha sido hallada en java.library.path: C:\Program Files (x86)\Apache Software Foundation\Tomcat 7.0\bin;.;C:\Windows\Sun\Java\bin;C:\Windows\system32;C:\Windows;C:\Windows\system32;C:\Windows;C:\Windows\System32\Wbem;C:\Windows\System32\WindowsPowerShell\v1.0\;C:\Windows\system32\config\systemprofile\AppData\Local\Microsoft\WindowsApps
9/10/2019 11:31:37 AM org.apache.coyote.AbstractProtocol init
INFO: Initializing ProtocolHandler ["http-bio-8080"]
9/10/2019 11:31:37 AM org.apache.coyote.AbstractProtocol init
INFO: Initializing ProtocolHandler ["ajp-bio-8009"]
9/10/2019 11:31:37 AM org.apache.catalina.startup.Catalina load
INFO: Initialization processed in 1406 ms
9/10/2019 11:31:37 AM org.apache.catalina.core.StandardService startInternal
INFO: Arrancando servicio Catalina
9/10/2019 11:31:37 AM org.apache.catalina.core.StandardEngine startInternal
INFO: Starting Servlet Engine: Apache Tomcat/7.0.54
9/10/2019 11:31:37 AM org.apache.catalina.startup.HostConfig deployDirectory
INFO: Despliegue del directorio C:\Program Files (x86)\Apache Software Foundation\Tomcat 7.0\webapps\docs de la aplicación web
9/10/2019 11:31:37 AM org.apache.tomcat.websocket.server.WsSci onStartup
INFO: JSR 356 WebSocket (Java WebSocket 1.0) support is not available when running on Java 6. To suppress this message, run Tomcat on Java 7, remove the WebSocket JARs from $CATALINA_HOME/lib or add the WebSocket JARs to the tomcat.util.scan.DefaultJarScanner.jarsToSkip property in $CATALINA_BASE/conf/catalina.properties. Note that the deprecated Tomcat 7 WebSocket API will be available. 
9/10/2019 11:31:37 AM org.apache.catalina.startup.HostConfig deployDirectory
INFO: Deployment of web application directory C:\Program Files (x86)\Apache Software Foundation\Tomcat 7.0\webapps\docs has finished in 292 ms
9/10/2019 11:31:37 AM org.apache.catalina.startup.HostConfig deployDirectory
INFO: Despliegue del directorio C:\Program Files (x86)\Apache Software Foundation\Tomcat 7.0\webapps\manager de la aplicación web
9/10/2019 11:31:37 AM org.apache.catalina.startup.HostConfig deployDirectory
INFO: Deployment of web application directory C:\Program Files (x86)\Apache Software Foundation\Tomcat 7.0\webapps\manager has finished in 106 ms
9/10/2019 11:31:37 AM org.apache.catalina.startup.HostConfig deployDirectory
INFO: Despliegue del directorio C:\Program Files (x86)\Apache Software Foundation\Tomcat 7.0\webapps\ROOT de la aplicación web
9/10/2019 11:31:37 AM org.apache.catalina.startup.HostConfig deployDirectory
INFO: Deployment of web application directory C:\Program Files (x86)\Apache Software Foundation\Tomcat 7.0\webapps\ROOT has finished in 59 ms
9/10/2019 11:31:37 AM org.apache.coyote.AbstractProtocol start
INFO: Starting ProtocolHandler ["http-bio-8080"]
9/10/2019 11:31:37 AM org.apache.coyote.AbstractProtocol start
INFO: Starting ProtocolHandler ["ajp-bio-8009"]
9/10/2019 11:31:37 AM org.apache.catalina.startup.Catalina start
INFO: Server startup in 538 ms
9/10/2019 11:32:07 AM org.apache.catalina.startup.HostConfig deployWAR
INFO: Despliegue del archivo C:\Program Files (x86)\Apache Software Foundation\Tomcat 7.0\webapps\CI_Sample_Website.war de la aplicación web
9/10/2019 11:32:10 AM org.apache.catalina.startup.HostConfig deployWAR
INFO: Deployment of web application archive C:\Program Files (x86)\Apache Software Foundation\Tomcat 7.0\webapps\CI_Sample_Website.war has finished in 3.204 ms
9/10/2019 11:32:11 AM org.apache.coyote.AbstractProtocol pause
INFO: Pausing ProtocolHandler ["http-bio-8080"]
9/10/2019 11:32:11 AM org.apache.coyote.AbstractProtocol pause
INFO: Pausing ProtocolHandler ["ajp-bio-8009"]
9/10/2019 11:32:11 AM org.apache.catalina.core.StandardService stopInternal
INFO: Parando servicio Catalina
9/10/2019 11:32:11 AM org.apache.coyote.AbstractProtocol stop
INFO: Stopping ProtocolHandler ["http-bio-8080"]
9/10/2019 11:32:11 AM org.apache.coyote.AbstractProtocol stop
INFO: Stopping ProtocolHandler ["ajp-bio-8009"]

2019-10-09 11:32:20 Commons Daemon procrun stderr initialized
9/10/2019 11:32:21 AM org.apache.catalina.core.AprLifecycleListener init
INFO: La biblioteca nativa de Apache Tomcat basada en ARP que permite un rendimiento óptimo en entornos de desarrollo no ha sido hallada en java.library.path: C:\Program Files (x86)\Apache Software Foundation\Tomcat 7.0\bin;.;C:\Windows\Sun\Java\bin;C:\Windows\system32;C:\Windows;C:\Windows\system32;C:\Windows;C:\Windows\System32\Wbem;C:\Windows\System32\WindowsPowerShell\v1.0\;C:\Windows\system32\config\systemprofile\AppData\Local\Microsoft\WindowsApps
9/10/2019 11:32:21 AM org.apache.coyote.AbstractProtocol init
INFO: Initializing ProtocolHandler ["http-bio-8080"]
9/10/2019 11:32:21 AM org.apache.coyote.AbstractProtocol init
INFO: Initializing ProtocolHandler ["ajp-bio-8009"]
9/10/2019 11:32:21 AM org.apache.catalina.startup.Catalina load
INFO: Initialization processed in 710 ms
9/10/2019 11:32:22 AM org.apache.catalina.core.StandardService startInternal
INFO: Arrancando servicio Catalina
9/10/2019 11:32:22 AM org.apache.catalina.core.StandardEngine startInternal
INFO: Starting Servlet Engine: Apache Tomcat/7.0.54
9/10/2019 11:32:22 AM org.apache.catalina.startup.HostConfig deployWAR
INFO: Despliegue del archivo C:\Program Files (x86)\Apache Software Foundation\Tomcat 7.0\webapps\CI_Sample_Website.war de la aplicación web
9/10/2019 11:32:22 AM org.apache.tomcat.websocket.server.WsSci onStartup
INFO: JSR 356 WebSocket (Java WebSocket 1.0) support is not available when running on Java 6. To suppress this message, run Tomcat on Java 7, remove the WebSocket JARs from $CATALINA_HOME/lib or add the WebSocket JARs to the tomcat.util.scan.DefaultJarScanner.jarsToSkip property in $CATALINA_BASE/conf/catalina.properties. Note that the deprecated Tomcat 7 WebSocket API will be available. 
9/10/2019 11:32:22 AM org.apache.catalina.startup.HostConfig deployWAR
INFO: Deployment of web application archive C:\Program Files (x86)\Apache Software Foundation\Tomcat 7.0\webapps\CI_Sample_Website.war has finished in 880 ms
9/10/2019 11:32:22 AM org.apache.catalina.startup.HostConfig deployWAR
INFO: Despliegue del archivo C:\Program Files (x86)\Apache Software Foundation\Tomcat 7.0\webapps\WebComms.war de la aplicación web
9/10/2019 11:32:27 AM org.apache.catalina.startup.HostConfig deployWAR
INFO: Deployment of web application archive C:\Program Files (x86)\Apache Software Foundation\Tomcat 7.0\webapps\WebComms.war has finished in 4.909 ms
9/10/2019 11:32:27 AM org.apache.catalina.startup.HostConfig deployDirectory
INFO: Despliegue del directorio C:\Program Files (x86)\Apache Software Foundation\Tomcat 7.0\webapps\docs de la aplicación web
9/10/2019 11:32:27 AM org.apache.catalina.startup.HostConfig deployDirectory
INFO: Deployment of web application directory C:\Program Files (x86)\Apache Software Foundation\Tomcat 7.0\webapps\docs has finished in 83 ms
9/10/2019 11:32:27 AM org.apache.catalina.startup.HostConfig deployDirectory
INFO: Despliegue del directorio C:\Program Files (x86)\Apache Software Foundation\Tomcat 7.0\webapps\manager de la aplicación web
9/10/2019 11:32:28 AM org.apache.catalina.startup.HostConfig deployDirectory
INFO: Deployment of web application directory C:\Program Files (x86)\Apache Software Foundation\Tomcat 7.0\webapps\manager has finished in 130 ms
9/10/2019 11:32:28 AM org.apache.catalina.startup.HostConfig deployDirectory
INFO: Despliegue del directorio C:\Program Files (x86)\Apache Software Foundation\Tomcat 7.0\webapps\ROOT de la aplicación web
9/10/2019 11:32:28 AM org.apache.catalina.startup.HostConfig deployDirectory
INFO: Deployment of web application directory C:\Program Files (x86)\Apache Software Foundation\Tomcat 7.0\webapps\ROOT has finished in 79 ms
9/10/2019 11:32:28 AM org.apache.coyote.AbstractProtocol start
INFO: Starting ProtocolHandler ["http-bio-8080"]
9/10/2019 11:32:28 AM org.apache.coyote.AbstractProtocol start
INFO: Starting ProtocolHandler ["ajp-bio-8009"]
9/10/2019 11:32:28 AM org.apache.catalina.startup.Catalina start
INFO: Server startup in 6239 ms
9/10/2019 11:32:38 AM org.apache.catalina.startup.HostConfig reload
INFO: Falló la recarga del contexto [/WebComms]
9/10/2019 11:32:38 AM org.apache.catalina.core.StandardContext reload
INFO: Ha comenzado la recarga de Contexto [/WebComms]
9/10/2019 11:32:39 AM org.apache.catalina.core.StandardContext reload
INFO: Se ha completado la recarga de este Contexto
9/10/2019 11:33:09 AM org.apache.catalina.startup.HostConfig reload
INFO: Falló la recarga del contexto [/WebComms]
9/10/2019 11:33:09 AM org.apache.catalina.core.StandardContext reload
INFO: Ha comenzado la recarga de Contexto [/WebComms]
9/10/2019 11:33:10 AM org.apache.catalina.core.StandardContext reload
INFO: Se ha completado la recarga de este Contexto
9/10/2019 11:33:20 AM org.apache.catalina.startup.HostConfig reload
INFO: Falló la recarga del contexto [/CI_Sample_Website]
9/10/2019 11:33:20 AM org.apache.catalina.core.StandardContext reload
INFO: Ha comenzado la recarga de Contexto [/CI_Sample_Website]
9/10/2019 11:33:21 AM org.apache.catalina.core.StandardContext reload
INFO: Se ha completado la recarga de este Contexto
9/10/2019 11:34:01 AM org.apache.catalina.startup.HostConfig reload
INFO: Falló la recarga del contexto [/CI_Sample_Website]
9/10/2019 11:34:01 AM org.apache.catalina.core.StandardContext reload
INFO: Ha comenzado la recarga de Contexto [/CI_Sample_Website]
9/10/2019 11:34:02 AM org.apache.catalina.core.StandardContext reload
INFO: Se ha completado la recarga de este Contexto
9/10/2019 11:41:28 AM org.apache.coyote.http11.AbstractHttp11Processor process
INFO: Error analizando cabecera de requerimiento HTTP
 Note: further occurrences of HTTP header parsing errors will be logged at DEBUG level.
9/10/2019 11:47:23 AM org.apache.catalina.startup.HostConfig reload
INFO: Falló la recarga del contexto [/WebComms]
9/10/2019 11:47:23 AM org.apache.catalina.core.StandardContext reload
INFO: Ha comenzado la recarga de Contexto [/WebComms]
9/10/2019 11:47:23 AM org.apache.catalina.loader.WebappClassLoader checkThreadLocalMapForLeaks
GRAVE: La aplicación web [/WebComms] creó un ThreadLocal con clave del tipo [org.apache.axis.utils.XMLUtils.ThreadLocalDocumentBuilder] (valor [org.apache.axis.utils.XMLUtils$ThreadLocalDocumentBuilder@1c6600]) y un valor del tipo [com.sun.org.apache.xerces.internal.jaxp.DocumentBuilderImpl] (valor [com.sun.org.apache.xerces.internal.jaxp.DocumentBuilderImpl@6ca1a6]) pero no pudo quitarlo cuando la aplicación web se paró. Los hilos se van a renovar con el tiempo para intentar evitar in posible fallo de memoria.
9/10/2019 11:47:23 AM org.apache.catalina.loader.WebappClassLoader checkThreadLocalMapForLeaks
GRAVE: La aplicación web [/WebComms] creó un ThreadLocal con clave del tipo [org.apache.axis.utils.XMLUtils.ThreadLocalDocumentBuilder] (valor [org.apache.axis.utils.XMLUtils$ThreadLocalDocumentBuilder@1c6600]) y un valor del tipo [com.sun.org.apache.xerces.internal.jaxp.DocumentBuilderImpl] (valor [com.sun.org.apache.xerces.internal.jaxp.DocumentBuilderImpl@1e8bf76]) pero no pudo quitarlo cuando la aplicación web se paró. Los hilos se van a renovar con el tiempo para intentar evitar in posible fallo de memoria.
9/10/2019 11:47:23 AM org.apache.catalina.loader.WebappClassLoader checkThreadLocalMapForLeaks
GRAVE: La aplicación web [/WebComms] creó un ThreadLocal con clave del tipo [org.apache.axis.utils.XMLUtils.ThreadLocalDocumentBuilder] (valor [org.apache.axis.utils.XMLUtils$ThreadLocalDocumentBuilder@1c6600]) y un valor del tipo [com.sun.org.apache.xerces.internal.jaxp.DocumentBuilderImpl] (valor [com.sun.org.apache.xerces.internal.jaxp.DocumentBuilderImpl@171ed5e]) pero no pudo quitarlo cuando la aplicación web se paró. Los hilos se van a renovar con el tiempo para intentar evitar in posible fallo de memoria.
9/10/2019 11:47:23 AM org.apache.catalina.loader.WebappClassLoader checkThreadLocalMapForLeaks
GRAVE: La aplicación web [/WebComms] creó un ThreadLocal con clave del tipo [org.apache.axis.utils.XMLUtils.ThreadLocalDocumentBuilder] (valor [org.apache.axis.utils.XMLUtils$ThreadLocalDocumentBuilder@1c6600]) y un valor del tipo [com.sun.org.apache.xerces.internal.jaxp.DocumentBuilderImpl] (valor [com.sun.org.apache.xerces.internal.jaxp.DocumentBuilderImpl@96d2c2]) pero no pudo quitarlo cuando la aplicación web se paró. Los hilos se van a renovar con el tiempo para intentar evitar in posible fallo de memoria.
9/10/2019 11:47:23 AM org.apache.catalina.loader.WebappClassLoader checkThreadLocalMapForLeaks
GRAVE: La aplicación web [/WebComms] creó un ThreadLocal con clave del tipo [org.apache.axis.utils.XMLUtils.ThreadLocalDocumentBuilder] (valor [org.apache.axis.utils.XMLUtils$ThreadLocalDocumentBuilder@1c6600]) y un valor del tipo [com.sun.org.apache.xerces.internal.jaxp.DocumentBuilderImpl] (valor [com.sun.org.apache.xerces.internal.jaxp.DocumentBuilderImpl@1e6cb2a]) pero no pudo quitarlo cuando la aplicación web se paró. Los hilos se van a renovar con el tiempo para intentar evitar in posible fallo de memoria.
9/10/2019 11:47:23 AM org.apache.catalina.loader.WebappClassLoader checkThreadLocalMapForLeaks
GRAVE: La aplicación web [/WebComms] creó un ThreadLocal con clave del tipo [org.apache.axis.utils.XMLUtils.ThreadLocalDocumentBuilder] (valor [org.apache.axis.utils.XMLUtils$ThreadLocalDocumentBuilder@1c6600]) y un valor del tipo [com.sun.org.apache.xerces.internal.jaxp.DocumentBuilderImpl] (valor [com.sun.org.apache.xerces.internal.jaxp.DocumentBuilderImpl@1245e75]) pero no pudo quitarlo cuando la aplicación web se paró. Los hilos se van a renovar con el tiempo para intentar evitar in posible fallo de memoria.
9/10/2019 11:47:24 AM org.apache.catalina.core.StandardContext reload
INFO: Se ha completado la recarga de este Contexto
9/10/2019 11:48:04 AM org.apache.catalina.startup.HostConfig reload
INFO: Falló la recarga del contexto [/WebComms]
9/10/2019 11:48:04 AM org.apache.catalina.core.StandardContext reload
INFO: Ha comenzado la recarga de Contexto [/WebComms]
9/10/2019 11:48:05 AM org.apache.catalina.core.StandardContext reload
INFO: Se ha completado la recarga de este Contexto
9/10/2019 11:56:08 AM org.apache.coyote.http11.AbstractHttp11Processor process
INFO: Error analizando cabecera de requerimiento HTTP
 Note: further occurrences of HTTP header parsing errors will be logged at DEBUG level.
9/10/2019 12:10:41 PM org.apache.coyote.http11.AbstractHttp11Processor process
INFO: Error analizando cabecera de requerimiento HTTP
 Note: further occurrences of HTTP header parsing errors will be logged at DEBUG level.
9/10/2019 12:25:20 PM org.apache.coyote.http11.AbstractHttp11Processor process
INFO: Error analizando cabecera de requerimiento HTTP
 Note: further occurrences of HTTP header parsing errors will be logged at DEBUG level.
9/10/2019 01:23:56 PM org.apache.coyote.http11.AbstractHttp11Processor process
INFO: Error analizando cabecera de requerimiento HTTP
 Note: further occurrences of HTTP header parsing errors will be logged at DEBUG level.
9/10/2019 01:38:33 PM org.apache.coyote.http11.AbstractHttp11Processor process
INFO: Error analizando cabecera de requerimiento HTTP
 Note: further occurrences of HTTP header parsing errors will be logged at DEBUG level.
9/10/2019 03:06:26 PM org.apache.coyote.http11.AbstractHttp11Processor process
INFO: Error analizando cabecera de requerimiento HTTP
 Note: further occurrences of HTTP header parsing errors will be logged at DEBUG level.
10/10/2019 12:20:48 PM org.apache.coyote.http11.AbstractHttp11Processor process
INFO: Error analizando cabecera de requerimiento HTTP
 Note: further occurrences of HTTP header parsing errors will be logged at DEBUG level.
10/10/2019 12:35:26 PM org.apache.coyote.http11.AbstractHttp11Processor process
INFO: Error analizando cabecera de requerimiento HTTP
 Note: further occurrences of HTTP header parsing errors will be logged at DEBUG level.
10/10/2019 01:34:01 PM org.apache.coyote.http11.AbstractHttp11Processor process
INFO: Error analizando cabecera de requerimiento HTTP
 Note: further occurrences of HTTP header parsing errors will be logged at DEBUG level.
10/10/2019 01:48:39 PM org.apache.coyote.http11.AbstractHttp11Processor process
INFO: Error analizando cabecera de requerimiento HTTP
 Note: further occurrences of HTTP header parsing errors will be logged at DEBUG level.
10/10/2019 02:03:17 PM org.apache.coyote.http11.AbstractHttp11Processor process
INFO: Error analizando cabecera de requerimiento HTTP
 Note: further occurrences of HTTP header parsing errors will be logged at DEBUG level.
10/10/2019 02:47:08 PM org.apache.coyote.http11.AbstractHttp11Processor process
INFO: Error analizando cabecera de requerimiento HTTP
 Note: further occurrences of HTTP header parsing errors will be logged at DEBUG level.
10/10/2019 03:16:26 PM org.apache.coyote.http11.AbstractHttp11Processor process
INFO: Error analizando cabecera de requerimiento HTTP
 Note: further occurrences of HTTP header parsing errors will be logged at DEBUG level.
14/10/2019 09:24:54 AM org.apache.coyote.http11.AbstractHttp11Processor process
INFO: Error analizando cabecera de requerimiento HTTP
 Note: further occurrences of HTTP header parsing errors will be logged at DEBUG level.
14/10/2019 09:36:14 AM org.apache.coyote.http11.AbstractHttp11Processor process
INFO: Error analizando cabecera de requerimiento HTTP
 Note: further occurrences of HTTP header parsing errors will be logged at DEBUG level.
14/10/2019 09:47:31 AM org.apache.coyote.http11.AbstractHttp11Processor process
INFO: Error analizando cabecera de requerimiento HTTP
 Note: further occurrences of HTTP header parsing errors will be logged at DEBUG level.
14/10/2019 10:01:30 AM org.apache.coyote.http11.AbstractHttp11Processor process
INFO: Error analizando cabecera de requerimiento HTTP
 Note: further occurrences of HTTP header parsing errors will be logged at DEBUG level.
14/10/2019 10:16:07 AM org.apache.coyote.http11.AbstractHttp11Processor process
INFO: Error analizando cabecera de requerimiento HTTP
 Note: further occurrences of HTTP header parsing errors will be logged at DEBUG level.
14/10/2019 10:30:45 AM org.apache.coyote.http11.AbstractHttp11Processor process
INFO: Error analizando cabecera de requerimiento HTTP
 Note: further occurrences of HTTP header parsing errors will be logged at DEBUG level.
14/10/2019 10:45:20 AM org.apache.coyote.http11.AbstractHttp11Processor process
INFO: Error analizando cabecera de requerimiento HTTP
 Note: further occurrences of HTTP header parsing errors will be logged at DEBUG level.
15/10/2019 09:27:16 AM org.apache.coyote.http11.AbstractHttp11Processor process
INFO: Error analizando cabecera de requerimiento HTTP
 Note: further occurrences of HTTP header parsing errors will be logged at DEBUG level.
15/10/2019 10:25:46 AM org.apache.coyote.http11.AbstractHttp11Processor process
INFO: Error analizando cabecera de requerimiento HTTP
 Note: further occurrences of HTTP header parsing errors will be logged at DEBUG level.
15/10/2019 10:40:25 AM org.apache.coyote.http11.AbstractHttp11Processor process
INFO: Error analizando cabecera de requerimiento HTTP
 Note: further occurrences of HTTP header parsing errors will be logged at DEBUG level.
15/10/2019 10:55:00 AM org.apache.coyote.http11.AbstractHttp11Processor process
INFO: Error analizando cabecera de requerimiento HTTP
 Note: further occurrences of HTTP header parsing errors will be logged at DEBUG level.
15/10/2019 12:11:49 PM org.apache.coyote.http11.AbstractHttp11Processor process
INFO: Error analizando cabecera de requerimiento HTTP
 Note: further occurrences of HTTP header parsing errors will be logged at DEBUG level.
15/10/2019 12:37:19 PM org.apache.coyote.AbstractProtocol pause
INFO: Pausing ProtocolHandler ["http-bio-8080"]
15/10/2019 12:37:19 PM org.apache.coyote.AbstractProtocol pause
INFO: Pausing ProtocolHandler ["ajp-bio-8009"]
15/10/2019 12:37:19 PM org.apache.catalina.core.StandardService stopInternal
INFO: Parando servicio Catalina
15/10/2019 12:37:19 PM org.apache.catalina.loader.WebappClassLoader checkThreadLocalMapForLeaks
GRAVE: La aplicación web [/CI_Sample_Website] creó un ThreadLocal con clave del tipo [org.apache.axis.utils.XMLUtils.ThreadLocalDocumentBuilder] (valor [org.apache.axis.utils.XMLUtils$ThreadLocalDocumentBuilder@16486a6]) y un valor del tipo [com.sun.org.apache.xerces.internal.jaxp.DocumentBuilderImpl] (valor [com.sun.org.apache.xerces.internal.jaxp.DocumentBuilderImpl@c41dd4]) pero no pudo quitarlo cuando la aplicación web se paró. Los hilos se van a renovar con el tiempo para intentar evitar in posible fallo de memoria.
15/10/2019 12:37:19 PM org.apache.catalina.loader.WebappClassLoader checkThreadLocalMapForLeaks
GRAVE: La aplicación web [/CI_Sample_Website] creó un ThreadLocal con clave del tipo [org.apache.axis.utils.XMLUtils.ThreadLocalDocumentBuilder] (valor [org.apache.axis.utils.XMLUtils$ThreadLocalDocumentBuilder@16486a6]) y un valor del tipo [com.sun.org.apache.xerces.internal.jaxp.DocumentBuilderImpl] (valor [com.sun.org.apache.xerces.internal.jaxp.DocumentBuilderImpl@1826148]) pero no pudo quitarlo cuando la aplicación web se paró. Los hilos se van a renovar con el tiempo para intentar evitar in posible fallo de memoria.
15/10/2019 12:37:19 PM org.apache.catalina.loader.WebappClassLoader checkThreadLocalMapForLeaks
GRAVE: La aplicación web [/CI_Sample_Website] creó un ThreadLocal con clave del tipo [org.apache.axis.utils.XMLUtils.ThreadLocalDocumentBuilder] (valor [org.apache.axis.utils.XMLUtils$ThreadLocalDocumentBuilder@16486a6]) y un valor del tipo [com.sun.org.apache.xerces.internal.jaxp.DocumentBuilderImpl] (valor [com.sun.org.apache.xerces.internal.jaxp.DocumentBuilderImpl@c0e5b9]) pero no pudo quitarlo cuando la aplicación web se paró. Los hilos se van a renovar con el tiempo para intentar evitar in posible fallo de memoria.
15/10/2019 12:37:19 PM org.apache.catalina.loader.WebappClassLoader checkThreadLocalMapForLeaks
GRAVE: La aplicación web [/CI_Sample_Website] creó un ThreadLocal con clave del tipo [org.apache.axis.utils.XMLUtils.ThreadLocalDocumentBuilder] (valor [org.apache.axis.utils.XMLUtils$ThreadLocalDocumentBuilder@16486a6]) y un valor del tipo [com.sun.org.apache.xerces.internal.jaxp.DocumentBuilderImpl] (valor [com.sun.org.apache.xerces.internal.jaxp.DocumentBuilderImpl@29ea9c]) pero no pudo quitarlo cuando la aplicación web se paró. Los hilos se van a renovar con el tiempo para intentar evitar in posible fallo de memoria.
15/10/2019 12:37:19 PM org.apache.catalina.loader.WebappClassLoader checkThreadLocalMapForLeaks
GRAVE: La aplicación web [/CI_Sample_Website] creó un ThreadLocal con clave del tipo [org.apache.axis.utils.XMLUtils.ThreadLocalDocumentBuilder] (valor [org.apache.axis.utils.XMLUtils$ThreadLocalDocumentBuilder@16486a6]) y un valor del tipo [com.sun.org.apache.xerces.internal.jaxp.DocumentBuilderImpl] (valor [com.sun.org.apache.xerces.internal.jaxp.DocumentBuilderImpl@1e9d810]) pero no pudo quitarlo cuando la aplicación web se paró. Los hilos se van a renovar con el tiempo para intentar evitar in posible fallo de memoria.
15/10/2019 12:37:19 PM org.apache.catalina.loader.WebappClassLoader checkThreadLocalMapForLeaks
GRAVE: La aplicación web [/CI_Sample_Website] creó un ThreadLocal con clave del tipo [org.apache.axis.utils.XMLUtils.ThreadLocalDocumentBuilder] (valor [org.apache.axis.utils.XMLUtils$ThreadLocalDocumentBuilder@16486a6]) y un valor del tipo [com.sun.org.apache.xerces.internal.jaxp.DocumentBuilderImpl] (valor [com.sun.org.apache.xerces.internal.jaxp.DocumentBuilderImpl@1680ba0]) pero no pudo quitarlo cuando la aplicación web se paró. Los hilos se van a renovar con el tiempo para intentar evitar in posible fallo de memoria.
15/10/2019 12:37:19 PM org.apache.catalina.loader.WebappClassLoader checkThreadLocalMapForLeaks
GRAVE: La aplicación web [/CI_Sample_Website] creó un ThreadLocal con clave del tipo [org.apache.axis.utils.XMLUtils.ThreadLocalDocumentBuilder] (valor [org.apache.axis.utils.XMLUtils$ThreadLocalDocumentBuilder@16486a6]) y un valor del tipo [com.sun.org.apache.xerces.internal.jaxp.DocumentBuilderImpl] (valor [com.sun.org.apache.xerces.internal.jaxp.DocumentBuilderImpl@1d33d46]) pero no pudo quitarlo cuando la aplicación web se paró. Los hilos se van a renovar con el tiempo para intentar evitar in posible fallo de memoria.
15/10/2019 12:37:19 PM org.apache.catalina.loader.WebappClassLoader checkThreadLocalMapForLeaks
GRAVE: La aplicación web [/CI_Sample_Website] creó un ThreadLocal con clave del tipo [org.apache.axis.utils.XMLUtils.ThreadLocalDocumentBuilder] (valor [org.apache.axis.utils.XMLUtils$ThreadLocalDocumentBuilder@16486a6]) y un valor del tipo [com.sun.org.apache.xerces.internal.jaxp.DocumentBuilderImpl] (valor [com.sun.org.apache.xerces.internal.jaxp.DocumentBuilderImpl@15bfc1f]) pero no pudo quitarlo cuando la aplicación web se paró. Los hilos se van a renovar con el tiempo para intentar evitar in posible fallo de memoria.
15/10/2019 12:37:19 PM org.apache.catalina.loader.WebappClassLoader checkThreadLocalMapForLeaks
GRAVE: La aplicación web [/CI_Sample_Website] creó un ThreadLocal con clave del tipo [org.apache.axis.utils.XMLUtils.ThreadLocalDocumentBuilder] (valor [org.apache.axis.utils.XMLUtils$ThreadLocalDocumentBuilder@16486a6]) y un valor del tipo [com.sun.org.apache.xerces.internal.jaxp.DocumentBuilderImpl] (valor [com.sun.org.apache.xerces.internal.jaxp.DocumentBuilderImpl@57ee6]) pero no pudo quitarlo cuando la aplicación web se paró. Los hilos se van a renovar con el tiempo para intentar evitar in posible fallo de memoria.
15/10/2019 12:37:19 PM org.apache.catalina.loader.WebappClassLoader checkThreadLocalMapForLeaks
GRAVE: La aplicación web [/CI_Sample_Website] creó un ThreadLocal con clave del tipo [org.apache.axis.utils.XMLUtils.ThreadLocalDocumentBuilder] (valor [org.apache.axis.utils.XMLUtils$ThreadLocalDocumentBuilder@16486a6]) y un valor del tipo [com.sun.org.apache.xerces.internal.jaxp.DocumentBuilderImpl] (valor [com.sun.org.apache.xerces.internal.jaxp.DocumentBuilderImpl@ce581b]) pero no pudo quitarlo cuando la aplicación web se paró. Los hilos se van a renovar con el tiempo para intentar evitar in posible fallo de memoria.
15/10/2019 12:37:19 PM org.apache.catalina.loader.WebappClassLoader checkThreadLocalMapForLeaks
GRAVE: La aplicación web [/WebComms] creó un ThreadLocal con clave del tipo [org.apache.axis.utils.XMLUtils.ThreadLocalDocumentBuilder] (valor [org.apache.axis.utils.XMLUtils$ThreadLocalDocumentBuilder@1a3c2bf]) y un valor del tipo [com.sun.org.apache.xerces.internal.jaxp.DocumentBuilderImpl] (valor [com.sun.org.apache.xerces.internal.jaxp.DocumentBuilderImpl@46b68c]) pero no pudo quitarlo cuando la aplicación web se paró. Los hilos se van a renovar con el tiempo para intentar evitar in posible fallo de memoria.
15/10/2019 12:37:19 PM org.apache.catalina.loader.WebappClassLoader checkThreadLocalMapForLeaks
GRAVE: La aplicación web [/WebComms] creó un ThreadLocal con clave del tipo [org.apache.axis.utils.XMLUtils.ThreadLocalDocumentBuilder] (valor [org.apache.axis.utils.XMLUtils$ThreadLocalDocumentBuilder@1a3c2bf]) y un valor del tipo [com.sun.org.apache.xerces.internal.jaxp.DocumentBuilderImpl] (valor [com.sun.org.apache.xerces.internal.jaxp.DocumentBuilderImpl@7ac24b]) pero no pudo quitarlo cuando la aplicación web se paró. Los hilos se van a renovar con el tiempo para intentar evitar in posible fallo de memoria.
15/10/2019 12:37:19 PM org.apache.catalina.loader.WebappClassLoader checkThreadLocalMapForLeaks
GRAVE: La aplicación web [/WebComms] creó un ThreadLocal con clave del tipo [org.apache.axis.utils.XMLUtils.ThreadLocalDocumentBuilder] (valor [org.apache.axis.utils.XMLUtils$ThreadLocalDocumentBuilder@1a3c2bf]) y un valor del tipo [com.sun.org.apache.xerces.internal.jaxp.DocumentBuilderImpl] (valor [com.sun.org.apache.xerces.internal.jaxp.DocumentBuilderImpl@169fc6f]) pero no pudo quitarlo cuando la aplicación web se paró. Los hilos se van a renovar con el tiempo para intentar evitar in posible fallo de memoria.
15/10/2019 12:37:19 PM org.apache.catalina.loader.WebappClassLoader checkThreadLocalMapForLeaks
GRAVE: La aplicación web [/WebComms] creó un ThreadLocal con clave del tipo [org.apache.axis.utils.XMLUtils.ThreadLocalDocumentBuilder] (valor [org.apache.axis.utils.XMLUtils$ThreadLocalDocumentBuilder@1a3c2bf]) y un valor del tipo [com.sun.org.apache.xerces.internal.jaxp.DocumentBuilderImpl] (valor [com.sun.org.apache.xerces.internal.jaxp.DocumentBuilderImpl@13c117a]) pero no pudo quitarlo cuando la aplicación web se paró. Los hilos se van a renovar con el tiempo para intentar evitar in posible fallo de memoria.
15/10/2019 12:37:19 PM org.apache.catalina.loader.WebappClassLoader checkThreadLocalMapForLeaks
GRAVE: La aplicación web [/WebComms] creó un ThreadLocal con clave del tipo [org.apache.axis.utils.XMLUtils.ThreadLocalDocumentBuilder] (valor [org.apache.axis.utils.XMLUtils$ThreadLocalDocumentBuilder@1a3c2bf]) y un valor del tipo [com.sun.org.apache.xerces.internal.jaxp.DocumentBuilderImpl] (valor [com.sun.org.apache.xerces.internal.jaxp.DocumentBuilderImpl@9f77c9]) pero no pudo quitarlo cuando la aplicación web se paró. Los hilos se van a renovar con el tiempo para intentar evitar in posible fallo de memoria.
15/10/2019 12:37:19 PM org.apache.catalina.loader.WebappClassLoader checkThreadLocalMapForLeaks
GRAVE: La aplicación web [/WebComms] creó un ThreadLocal con clave del tipo [org.apache.axis.utils.XMLUtils.ThreadLocalDocumentBuilder] (valor [org.apache.axis.utils.XMLUtils$ThreadLocalDocumentBuilder@1a3c2bf]) y un valor del tipo [com.sun.org.apache.xerces.internal.jaxp.DocumentBuilderImpl] (valor [com.sun.org.apache.xerces.internal.jaxp.DocumentBuilderImpl@1714f4a]) pero no pudo quitarlo cuando la aplicación web se paró. Los hilos se van a renovar con el tiempo para intentar evitar in posible fallo de memoria.
15/10/2019 12:37:19 PM org.apache.catalina.loader.WebappClassLoader checkThreadLocalMapForLeaks
GRAVE: La aplicación web [/WebComms] creó un ThreadLocal con clave del tipo [org.apache.axis.utils.XMLUtils.ThreadLocalDocumentBuilder] (valor [org.apache.axis.utils.XMLUtils$ThreadLocalDocumentBuilder@1a3c2bf]) y un valor del tipo [com.sun.org.apache.xerces.internal.jaxp.DocumentBuilderImpl] (valor [com.sun.org.apache.xerces.internal.jaxp.DocumentBuilderImpl@cbe7c]) pero no pudo quitarlo cuando la aplicación web se paró. Los hilos se van a renovar con el tiempo para intentar evitar in posible fallo de memoria.
15/10/2019 12:37:19 PM org.apache.catalina.loader.WebappClassLoader checkThreadLocalMapForLeaks
GRAVE: La aplicación web [/WebComms] creó un ThreadLocal con clave del tipo [org.apache.axis.utils.XMLUtils.ThreadLocalDocumentBuilder] (valor [org.apache.axis.utils.XMLUtils$ThreadLocalDocumentBuilder@1a3c2bf]) y un valor del tipo [com.sun.org.apache.xerces.internal.jaxp.DocumentBuilderImpl] (valor [com.sun.org.apache.xerces.internal.jaxp.DocumentBuilderImpl@adc92c]) pero no pudo quitarlo cuando la aplicación web se paró. Los hilos se van a renovar con el tiempo para intentar evitar in posible fallo de memoria.
15/10/2019 12:37:19 PM org.apache.catalina.loader.WebappClassLoader checkThreadLocalMapForLeaks
GRAVE: La aplicación web [/WebComms] creó un ThreadLocal con clave del tipo [org.apache.axis.utils.XMLUtils.ThreadLocalDocumentBuilder] (valor [org.apache.axis.utils.XMLUtils$ThreadLocalDocumentBuilder@1a3c2bf]) y un valor del tipo [com.sun.org.apache.xerces.internal.jaxp.DocumentBuilderImpl] (valor [com.sun.org.apache.xerces.internal.jaxp.DocumentBuilderImpl@1729115]) pero no pudo quitarlo cuando la aplicación web se paró. Los hilos se van a renovar con el tiempo para intentar evitar in posible fallo de memoria.
15/10/2019 12:37:19 PM org.apache.catalina.loader.WebappClassLoader checkThreadLocalMapForLeaks
GRAVE: La aplicación web [/WebComms] creó un ThreadLocal con clave del tipo [org.apache.axis.utils.XMLUtils.ThreadLocalDocumentBuilder] (valor [org.apache.axis.utils.XMLUtils$ThreadLocalDocumentBuilder@1a3c2bf]) y un valor del tipo [com.sun.org.apache.xerces.internal.jaxp.DocumentBuilderImpl] (valor [com.sun.org.apache.xerces.internal.jaxp.DocumentBuilderImpl@931b44]) pero no pudo quitarlo cuando la aplicación web se paró. Los hilos se van a renovar con el tiempo para intentar evitar in posible fallo de memoria.
15/10/2019 12:37:19 PM org.apache.coyote.AbstractProtocol stop
INFO: Stopping ProtocolHandler ["http-bio-8080"]
15/10/2019 12:37:19 PM org.apache.coyote.AbstractProtocol stop
INFO: Stopping ProtocolHandler ["ajp-bio-8009"]
